[2026-02-21T11:56:44.574+0000] {local_task_job_runner.py:120} INFO - ::group::Pre task execution logs
[2026-02-21T11:56:44.607+0000] {taskinstance.py:2076} INFO - Dependencies all met for dep_context=non-requeueable deps ti=<TaskInstance: football_pipeline.fetch_standings manual__2026-02-21T11:56:43.788278+00:00 [queued]>
[2026-02-21T11:56:44.615+0000] {taskinstance.py:2076} INFO - Dependencies all met for dep_context=requeueable deps ti=<TaskInstance: football_pipeline.fetch_standings manual__2026-02-21T11:56:43.788278+00:00 [queued]>
[2026-02-21T11:56:44.615+0000] {taskinstance.py:2306} INFO - Starting attempt 1 of 2
[2026-02-21T11:56:44.628+0000] {taskinstance.py:2330} INFO - Executing <Task(PythonOperator): fetch_standings> on 2026-02-21 11:56:43.788278+00:00
[2026-02-21T11:56:44.636+0000] {standard_task_runner.py:90} INFO - Running: ['airflow', 'tasks', 'run', 'football_pipeline', 'fetch_standings', 'manual__2026-02-21T11:56:43.788278+00:00', '--job-id', '17', '--raw', '--subdir', 'DAGS_FOLDER/football_pipeline.py', '--cfg-path', '/tmp/tmp6fc646n7']
[2026-02-21T11:56:44.638+0000] {standard_task_runner.py:91} INFO - Job 17: Subtask fetch_standings
[2026-02-21T11:56:44.638+0000] {logging_mixin.py:188} WARNING - /home/airflow/.local/lib/python3.12/site-packages/airflow/task/task_runner/standard_task_runner.py:62 DeprecationWarning: This process (pid=219) is multi-threaded, use of fork() may lead to deadlocks in the child.
[2026-02-21T11:56:44.639+0000] {standard_task_runner.py:64} INFO - Started process 220 to run task
[2026-02-21T11:56:44.712+0000] {task_command.py:426} INFO - Running <TaskInstance: football_pipeline.fetch_standings manual__2026-02-21T11:56:43.788278+00:00 [running]> on host e0376f04803d
[2026-02-21T11:56:44.798+0000] {taskinstance.py:2648} INFO - Exporting env vars: AIRFLOW_CTX_DAG_OWNER='yassine' AIRFLOW_CTX_DAG_ID='football_pipeline' AIRFLOW_CTX_TASK_ID='fetch_standings' AIRFLOW_CTX_EXECUTION_DATE='2026-02-21T11:56:43.788278+00:00' AIRFLOW_CTX_TRY_NUMBER='1' AIRFLOW_CTX_DAG_RUN_ID='manual__2026-02-21T11:56:43.788278+00:00'
[2026-02-21T11:56:44.799+0000] {taskinstance.py:430} INFO - ::endgroup::
[2026-02-21T11:56:44.814+0000] {logging_mixin.py:188} INFO - 📊 Fetching standings...
[2026-02-21T11:57:28.105+0000] {logging_mixin.py:188} INFO - ✅ Standings done!
[2026-02-21T11:57:28.106+0000] {python.py:237} INFO - Done. Returned value was: None
[2026-02-21T11:57:28.107+0000] {taskinstance.py:441} INFO - ::group::Post task execution logs
[2026-02-21T11:57:28.126+0000] {taskinstance.py:1206} INFO - Marking task as SUCCESS. dag_id=football_pipeline, task_id=fetch_standings, run_id=manual__2026-02-21T11:56:43.788278+00:00, execution_date=20260221T115643, start_date=20260221T115644, end_date=20260221T115728
[2026-02-21T11:57:28.167+0000] {local_task_job_runner.py:243} INFO - Task exited with return code 0
[2026-02-21T11:57:28.200+0000] {taskinstance.py:3503} INFO - 1 downstream tasks scheduled from follow-on schedule check
[2026-02-21T11:57:28.204+0000] {local_task_job_runner.py:222} INFO - ::endgroup::
