[2026-02-21T11:53:41.517+0000] {local_task_job_runner.py:120} INFO - ::group::Pre task execution logs
[2026-02-21T11:53:41.570+0000] {taskinstance.py:2076} INFO - Dependencies all met for dep_context=non-requeueable deps ti=<TaskInstance: football_pipeline.fetch_standings scheduled__2026-02-20T06:00:00+00:00 [queued]>
[2026-02-21T11:53:41.582+0000] {taskinstance.py:2076} INFO - Dependencies all met for dep_context=requeueable deps ti=<TaskInstance: football_pipeline.fetch_standings scheduled__2026-02-20T06:00:00+00:00 [queued]>
[2026-02-21T11:53:41.583+0000] {taskinstance.py:2306} INFO - Starting attempt 1 of 2
[2026-02-21T11:53:41.604+0000] {taskinstance.py:2330} INFO - Executing <Task(PythonOperator): fetch_standings> on 2026-02-20 06:00:00+00:00
[2026-02-21T11:53:41.612+0000] {standard_task_runner.py:90} INFO - Running: ['airflow', 'tasks', 'run', 'football_pipeline', 'fetch_standings', 'scheduled__2026-02-20T06:00:00+00:00', '--job-id', '13', '--raw', '--subdir', 'DAGS_FOLDER/football_pipeline.py', '--cfg-path', '/tmp/tmpzc5hnv8b']
[2026-02-21T11:53:41.615+0000] {standard_task_runner.py:91} INFO - Job 13: Subtask fetch_standings
[2026-02-21T11:53:41.618+0000] {logging_mixin.py:188} WARNING - /home/airflow/.local/lib/python3.12/site-packages/airflow/task/task_runner/standard_task_runner.py:62 DeprecationWarning: This process (pid=172) is multi-threaded, use of fork() may lead to deadlocks in the child.
[2026-02-21T11:53:41.618+0000] {standard_task_runner.py:64} INFO - Started process 175 to run task
[2026-02-21T11:53:41.687+0000] {task_command.py:426} INFO - Running <TaskInstance: football_pipeline.fetch_standings scheduled__2026-02-20T06:00:00+00:00 [running]> on host e0376f04803d
[2026-02-21T11:53:41.837+0000] {taskinstance.py:2648} INFO - Exporting env vars: AIRFLOW_CTX_DAG_OWNER='yassine' AIRFLOW_CTX_DAG_ID='football_pipeline' AIRFLOW_CTX_TASK_ID='fetch_standings' AIRFLOW_CTX_EXECUTION_DATE='2026-02-20T06:00:00+00:00' AIRFLOW_CTX_TRY_NUMBER='1' AIRFLOW_CTX_DAG_RUN_ID='scheduled__2026-02-20T06:00:00+00:00'
[2026-02-21T11:53:41.838+0000] {taskinstance.py:430} INFO - ::endgroup::
[2026-02-21T11:53:41.882+0000] {logging_mixin.py:188} INFO - 📊 Fetching standings...
[2026-02-21T11:54:26.191+0000] {logging_mixin.py:188} INFO - ✅ Standings done!
[2026-02-21T11:54:26.192+0000] {python.py:237} INFO - Done. Returned value was: None
[2026-02-21T11:54:26.193+0000] {taskinstance.py:441} INFO - ::group::Post task execution logs
[2026-02-21T11:54:26.207+0000] {taskinstance.py:1206} INFO - Marking task as SUCCESS. dag_id=football_pipeline, task_id=fetch_standings, run_id=scheduled__2026-02-20T06:00:00+00:00, execution_date=20260220T060000, start_date=20260221T115341, end_date=20260221T115426
[2026-02-21T11:54:26.233+0000] {local_task_job_runner.py:243} INFO - Task exited with return code 0
[2026-02-21T11:54:26.265+0000] {taskinstance.py:3503} INFO - 1 downstream tasks scheduled from follow-on schedule check
[2026-02-21T11:54:26.267+0000] {local_task_job_runner.py:222} INFO - ::endgroup::
