[2026-02-22T00:25:50.240+0000] {processor.py:161} INFO - Started process (PID=3256) to work on /opt/airflow/dags/football_pipeline.py
[2026-02-22T00:25:50.241+0000] {processor.py:830} INFO - Processing file /opt/airflow/dags/football_pipeline.py for tasks to queue
[2026-02-22T00:25:50.244+0000] {logging_mixin.py:188} INFO - [2026-02-22T00:25:50.243+0000] {dagbag.py:545} INFO - Filling up the DagBag from /opt/airflow/dags/football_pipeline.py
[2026-02-22T00:25:50.267+0000] {processor.py:840} INFO - DAG(s) 'football_pipeline' retrieved from /opt/airflow/dags/football_pipeline.py
[2026-02-22T00:25:50.309+0000] {logging_mixin.py:188} INFO - [2026-02-22T00:25:50.308+0000] {dag.py:3089} INFO - Sync 1 DAGs
[2026-02-22T00:25:50.347+0000] {logging_mixin.py:188} INFO - [2026-02-22T00:25:50.346+0000] {dag.py:3947} INFO - Setting next_dagrun for football_pipeline to 2026-02-21 06:00:00+00:00, run_after=2026-02-22 06:00:00+00:00
[2026-02-22T00:25:50.376+0000] {processor.py:183} INFO - Processing /opt/airflow/dags/football_pipeline.py took 0.142 seconds
[2026-02-22T00:26:20.463+0000] {processor.py:161} INFO - Started process (PID=3261) to work on /opt/airflow/dags/football_pipeline.py
[2026-02-22T00:26:20.463+0000] {processor.py:830} INFO - Processing file /opt/airflow/dags/football_pipeline.py for tasks to queue
[2026-02-22T00:26:20.465+0000] {logging_mixin.py:188} INFO - [2026-02-22T00:26:20.465+0000] {dagbag.py:545} INFO - Filling up the DagBag from /opt/airflow/dags/football_pipeline.py
[2026-02-22T00:26:20.486+0000] {processor.py:840} INFO - DAG(s) 'football_pipeline' retrieved from /opt/airflow/dags/football_pipeline.py
[2026-02-22T00:26:20.534+0000] {logging_mixin.py:188} INFO - [2026-02-22T00:26:20.534+0000] {dag.py:3089} INFO - Sync 1 DAGs
[2026-02-22T00:26:20.561+0000] {logging_mixin.py:188} INFO - [2026-02-22T00:26:20.560+0000] {dag.py:3947} INFO - Setting next_dagrun for football_pipeline to 2026-02-21 06:00:00+00:00, run_after=2026-02-22 06:00:00+00:00
[2026-02-22T00:26:20.586+0000] {processor.py:183} INFO - Processing /opt/airflow/dags/football_pipeline.py took 0.131 seconds
[2026-02-22T00:26:50.825+0000] {processor.py:161} INFO - Started process (PID=3266) to work on /opt/airflow/dags/football_pipeline.py
[2026-02-22T00:26:50.834+0000] {processor.py:830} INFO - Processing file /opt/airflow/dags/football_pipeline.py for tasks to queue
[2026-02-22T00:26:50.837+0000] {logging_mixin.py:188} INFO - [2026-02-22T00:26:50.837+0000] {dagbag.py:545} INFO - Filling up the DagBag from /opt/airflow/dags/football_pipeline.py
[2026-02-22T00:26:50.872+0000] {processor.py:840} INFO - DAG(s) 'football_pipeline' retrieved from /opt/airflow/dags/football_pipeline.py
[2026-02-22T00:26:50.916+0000] {logging_mixin.py:188} INFO - [2026-02-22T00:26:50.916+0000] {dag.py:3089} INFO - Sync 1 DAGs
[2026-02-22T00:26:50.954+0000] {logging_mixin.py:188} INFO - [2026-02-22T00:26:50.953+0000] {dag.py:3947} INFO - Setting next_dagrun for football_pipeline to 2026-02-21 06:00:00+00:00, run_after=2026-02-22 06:00:00+00:00
[2026-02-22T00:26:50.984+0000] {processor.py:183} INFO - Processing /opt/airflow/dags/football_pipeline.py took 0.172 seconds
[2026-02-22T00:27:21.061+0000] {processor.py:161} INFO - Started process (PID=3271) to work on /opt/airflow/dags/football_pipeline.py
[2026-02-22T00:27:21.068+0000] {processor.py:830} INFO - Processing file /opt/airflow/dags/football_pipeline.py for tasks to queue
[2026-02-22T00:27:21.070+0000] {logging_mixin.py:188} INFO - [2026-02-22T00:27:21.070+0000] {dagbag.py:545} INFO - Filling up the DagBag from /opt/airflow/dags/football_pipeline.py
[2026-02-22T00:27:21.089+0000] {processor.py:840} INFO - DAG(s) 'football_pipeline' retrieved from /opt/airflow/dags/football_pipeline.py
[2026-02-22T00:27:21.130+0000] {logging_mixin.py:188} INFO - [2026-02-22T00:27:21.130+0000] {dag.py:3089} INFO - Sync 1 DAGs
[2026-02-22T00:27:21.158+0000] {logging_mixin.py:188} INFO - [2026-02-22T00:27:21.157+0000] {dag.py:3947} INFO - Setting next_dagrun for football_pipeline to 2026-02-21 06:00:00+00:00, run_after=2026-02-22 06:00:00+00:00
[2026-02-22T00:27:21.185+0000] {processor.py:183} INFO - Processing /opt/airflow/dags/football_pipeline.py took 0.130 seconds
[2026-02-22T00:27:51.427+0000] {processor.py:161} INFO - Started process (PID=3276) to work on /opt/airflow/dags/football_pipeline.py
[2026-02-22T00:27:51.434+0000] {processor.py:830} INFO - Processing file /opt/airflow/dags/football_pipeline.py for tasks to queue
[2026-02-22T00:27:51.436+0000] {logging_mixin.py:188} INFO - [2026-02-22T00:27:51.436+0000] {dagbag.py:545} INFO - Filling up the DagBag from /opt/airflow/dags/football_pipeline.py
[2026-02-22T00:27:51.456+0000] {processor.py:840} INFO - DAG(s) 'football_pipeline' retrieved from /opt/airflow/dags/football_pipeline.py
[2026-02-22T00:27:51.492+0000] {logging_mixin.py:188} INFO - [2026-02-22T00:27:51.492+0000] {dag.py:3089} INFO - Sync 1 DAGs
[2026-02-22T00:27:51.519+0000] {logging_mixin.py:188} INFO - [2026-02-22T00:27:51.519+0000] {dag.py:3947} INFO - Setting next_dagrun for football_pipeline to 2026-02-21 06:00:00+00:00, run_after=2026-02-22 06:00:00+00:00
[2026-02-22T00:27:51.545+0000] {processor.py:183} INFO - Processing /opt/airflow/dags/football_pipeline.py took 0.126 seconds
[2026-02-22T00:28:21.657+0000] {processor.py:161} INFO - Started process (PID=3281) to work on /opt/airflow/dags/football_pipeline.py
[2026-02-22T00:28:21.665+0000] {processor.py:830} INFO - Processing file /opt/airflow/dags/football_pipeline.py for tasks to queue
[2026-02-22T00:28:21.669+0000] {logging_mixin.py:188} INFO - [2026-02-22T00:28:21.668+0000] {dagbag.py:545} INFO - Filling up the DagBag from /opt/airflow/dags/football_pipeline.py
[2026-02-22T00:28:21.692+0000] {processor.py:840} INFO - DAG(s) 'football_pipeline' retrieved from /opt/airflow/dags/football_pipeline.py
[2026-02-22T00:28:21.751+0000] {logging_mixin.py:188} INFO - [2026-02-22T00:28:21.751+0000] {dag.py:3089} INFO - Sync 1 DAGs
[2026-02-22T00:28:21.780+0000] {logging_mixin.py:188} INFO - [2026-02-22T00:28:21.780+0000] {dag.py:3947} INFO - Setting next_dagrun for football_pipeline to 2026-02-21 06:00:00+00:00, run_after=2026-02-22 06:00:00+00:00
[2026-02-22T00:28:21.804+0000] {processor.py:183} INFO - Processing /opt/airflow/dags/football_pipeline.py took 0.156 seconds
[2026-02-22T00:28:51.966+0000] {processor.py:161} INFO - Started process (PID=3286) to work on /opt/airflow/dags/football_pipeline.py
[2026-02-22T00:28:51.972+0000] {processor.py:830} INFO - Processing file /opt/airflow/dags/football_pipeline.py for tasks to queue
[2026-02-22T00:28:51.974+0000] {logging_mixin.py:188} INFO - [2026-02-22T00:28:51.973+0000] {dagbag.py:545} INFO - Filling up the DagBag from /opt/airflow/dags/football_pipeline.py
[2026-02-22T00:28:51.992+0000] {processor.py:840} INFO - DAG(s) 'football_pipeline' retrieved from /opt/airflow/dags/football_pipeline.py
[2026-02-22T00:28:52.024+0000] {logging_mixin.py:188} INFO - [2026-02-22T00:28:52.024+0000] {dag.py:3089} INFO - Sync 1 DAGs
[2026-02-22T00:28:52.046+0000] {logging_mixin.py:188} INFO - [2026-02-22T00:28:52.046+0000] {dag.py:3947} INFO - Setting next_dagrun for football_pipeline to 2026-02-21 06:00:00+00:00, run_after=2026-02-22 06:00:00+00:00
[2026-02-22T00:28:52.068+0000] {processor.py:183} INFO - Processing /opt/airflow/dags/football_pipeline.py took 0.108 seconds
[2026-02-22T00:29:22.211+0000] {processor.py:161} INFO - Started process (PID=3291) to work on /opt/airflow/dags/football_pipeline.py
[2026-02-22T00:29:22.220+0000] {processor.py:830} INFO - Processing file /opt/airflow/dags/football_pipeline.py for tasks to queue
[2026-02-22T00:29:22.222+0000] {logging_mixin.py:188} INFO - [2026-02-22T00:29:22.221+0000] {dagbag.py:545} INFO - Filling up the DagBag from /opt/airflow/dags/football_pipeline.py
[2026-02-22T00:29:22.240+0000] {processor.py:840} INFO - DAG(s) 'football_pipeline' retrieved from /opt/airflow/dags/football_pipeline.py
[2026-02-22T00:29:22.271+0000] {logging_mixin.py:188} INFO - [2026-02-22T00:29:22.271+0000] {dag.py:3089} INFO - Sync 1 DAGs
[2026-02-22T00:29:22.293+0000] {logging_mixin.py:188} INFO - [2026-02-22T00:29:22.293+0000] {dag.py:3947} INFO - Setting next_dagrun for football_pipeline to 2026-02-21 06:00:00+00:00, run_after=2026-02-22 06:00:00+00:00
[2026-02-22T00:29:22.319+0000] {processor.py:183} INFO - Processing /opt/airflow/dags/football_pipeline.py took 0.115 seconds
[2026-02-22T00:29:52.477+0000] {processor.py:161} INFO - Started process (PID=3296) to work on /opt/airflow/dags/football_pipeline.py
[2026-02-22T00:29:52.478+0000] {processor.py:830} INFO - Processing file /opt/airflow/dags/football_pipeline.py for tasks to queue
[2026-02-22T00:29:52.480+0000] {logging_mixin.py:188} INFO - [2026-02-22T00:29:52.480+0000] {dagbag.py:545} INFO - Filling up the DagBag from /opt/airflow/dags/football_pipeline.py
[2026-02-22T00:29:52.503+0000] {processor.py:840} INFO - DAG(s) 'football_pipeline' retrieved from /opt/airflow/dags/football_pipeline.py
[2026-02-22T00:29:52.536+0000] {logging_mixin.py:188} INFO - [2026-02-22T00:29:52.535+0000] {dag.py:3089} INFO - Sync 1 DAGs
[2026-02-22T00:29:52.562+0000] {logging_mixin.py:188} INFO - [2026-02-22T00:29:52.562+0000] {dag.py:3947} INFO - Setting next_dagrun for football_pipeline to 2026-02-21 06:00:00+00:00, run_after=2026-02-22 06:00:00+00:00
[2026-02-22T00:29:52.590+0000] {processor.py:183} INFO - Processing /opt/airflow/dags/football_pipeline.py took 0.119 seconds
[2026-02-22T00:30:22.664+0000] {processor.py:161} INFO - Started process (PID=3301) to work on /opt/airflow/dags/football_pipeline.py
[2026-02-22T00:30:22.665+0000] {processor.py:830} INFO - Processing file /opt/airflow/dags/football_pipeline.py for tasks to queue
[2026-02-22T00:30:22.666+0000] {logging_mixin.py:188} INFO - [2026-02-22T00:30:22.666+0000] {dagbag.py:545} INFO - Filling up the DagBag from /opt/airflow/dags/football_pipeline.py
[2026-02-22T00:30:22.685+0000] {processor.py:840} INFO - DAG(s) 'football_pipeline' retrieved from /opt/airflow/dags/football_pipeline.py
[2026-02-22T00:30:22.722+0000] {logging_mixin.py:188} INFO - [2026-02-22T00:30:22.721+0000] {dag.py:3089} INFO - Sync 1 DAGs
[2026-02-22T00:30:22.746+0000] {logging_mixin.py:188} INFO - [2026-02-22T00:30:22.746+0000] {dag.py:3947} INFO - Setting next_dagrun for football_pipeline to 2026-02-21 06:00:00+00:00, run_after=2026-02-22 06:00:00+00:00
[2026-02-22T00:30:22.770+0000] {processor.py:183} INFO - Processing /opt/airflow/dags/football_pipeline.py took 0.112 seconds
[2026-02-22T00:30:52.886+0000] {processor.py:161} INFO - Started process (PID=3306) to work on /opt/airflow/dags/football_pipeline.py
[2026-02-22T00:30:52.887+0000] {processor.py:830} INFO - Processing file /opt/airflow/dags/football_pipeline.py for tasks to queue
[2026-02-22T00:30:52.889+0000] {logging_mixin.py:188} INFO - [2026-02-22T00:30:52.889+0000] {dagbag.py:545} INFO - Filling up the DagBag from /opt/airflow/dags/football_pipeline.py
[2026-02-22T00:30:52.910+0000] {processor.py:840} INFO - DAG(s) 'football_pipeline' retrieved from /opt/airflow/dags/football_pipeline.py
[2026-02-22T00:30:52.942+0000] {logging_mixin.py:188} INFO - [2026-02-22T00:30:52.942+0000] {dag.py:3089} INFO - Sync 1 DAGs
[2026-02-22T00:30:52.966+0000] {logging_mixin.py:188} INFO - [2026-02-22T00:30:52.966+0000] {dag.py:3947} INFO - Setting next_dagrun for football_pipeline to 2026-02-21 06:00:00+00:00, run_after=2026-02-22 06:00:00+00:00
[2026-02-22T00:30:52.987+0000] {processor.py:183} INFO - Processing /opt/airflow/dags/football_pipeline.py took 0.107 seconds
[2026-02-22T00:31:23.126+0000] {processor.py:161} INFO - Started process (PID=3311) to work on /opt/airflow/dags/football_pipeline.py
[2026-02-22T00:31:23.127+0000] {processor.py:830} INFO - Processing file /opt/airflow/dags/football_pipeline.py for tasks to queue
[2026-02-22T00:31:23.130+0000] {logging_mixin.py:188} INFO - [2026-02-22T00:31:23.129+0000] {dagbag.py:545} INFO - Filling up the DagBag from /opt/airflow/dags/football_pipeline.py
[2026-02-22T00:31:23.153+0000] {processor.py:840} INFO - DAG(s) 'football_pipeline' retrieved from /opt/airflow/dags/football_pipeline.py
[2026-02-22T00:31:23.184+0000] {logging_mixin.py:188} INFO - [2026-02-22T00:31:23.184+0000] {dag.py:3089} INFO - Sync 1 DAGs
[2026-02-22T00:31:23.207+0000] {logging_mixin.py:188} INFO - [2026-02-22T00:31:23.207+0000] {dag.py:3947} INFO - Setting next_dagrun for football_pipeline to 2026-02-21 06:00:00+00:00, run_after=2026-02-22 06:00:00+00:00
[2026-02-22T00:31:23.232+0000] {processor.py:183} INFO - Processing /opt/airflow/dags/football_pipeline.py took 0.118 seconds
[2026-02-22T00:31:53.353+0000] {processor.py:161} INFO - Started process (PID=3316) to work on /opt/airflow/dags/football_pipeline.py
[2026-02-22T00:31:53.354+0000] {processor.py:830} INFO - Processing file /opt/airflow/dags/football_pipeline.py for tasks to queue
[2026-02-22T00:31:53.356+0000] {logging_mixin.py:188} INFO - [2026-02-22T00:31:53.356+0000] {dagbag.py:545} INFO - Filling up the DagBag from /opt/airflow/dags/football_pipeline.py
[2026-02-22T00:31:53.377+0000] {processor.py:840} INFO - DAG(s) 'football_pipeline' retrieved from /opt/airflow/dags/football_pipeline.py
[2026-02-22T00:31:53.409+0000] {logging_mixin.py:188} INFO - [2026-02-22T00:31:53.409+0000] {dag.py:3089} INFO - Sync 1 DAGs
[2026-02-22T00:31:53.431+0000] {logging_mixin.py:188} INFO - [2026-02-22T00:31:53.431+0000] {dag.py:3947} INFO - Setting next_dagrun for football_pipeline to 2026-02-21 06:00:00+00:00, run_after=2026-02-22 06:00:00+00:00
[2026-02-22T00:31:53.451+0000] {processor.py:183} INFO - Processing /opt/airflow/dags/football_pipeline.py took 0.104 seconds
[2026-02-22T00:59:09.948+0000] {processor.py:161} INFO - Started process (PID=3321) to work on /opt/airflow/dags/football_pipeline.py
[2026-02-22T00:59:09.951+0000] {processor.py:830} INFO - Processing file /opt/airflow/dags/football_pipeline.py for tasks to queue
[2026-02-22T00:59:09.961+0000] {logging_mixin.py:188} INFO - [2026-02-22T00:59:09.955+0000] {dagbag.py:545} INFO - Filling up the DagBag from /opt/airflow/dags/football_pipeline.py
[2026-02-22T00:59:10.050+0000] {processor.py:840} INFO - DAG(s) 'football_pipeline' retrieved from /opt/airflow/dags/football_pipeline.py
[2026-02-22T00:59:10.167+0000] {logging_mixin.py:188} INFO - [2026-02-22T00:59:10.166+0000] {dag.py:3089} INFO - Sync 1 DAGs
[2026-02-22T00:59:10.268+0000] {logging_mixin.py:188} INFO - [2026-02-22T00:59:10.267+0000] {dag.py:3947} INFO - Setting next_dagrun for football_pipeline to 2026-02-21 06:00:00+00:00, run_after=2026-02-22 06:00:00+00:00
[2026-02-22T00:59:10.356+0000] {processor.py:183} INFO - Processing /opt/airflow/dags/football_pipeline.py took 0.439 seconds
[2026-02-22T01:19:51.331+0000] {processor.py:161} INFO - Started process (PID=3326) to work on /opt/airflow/dags/football_pipeline.py
[2026-02-22T01:19:51.332+0000] {processor.py:830} INFO - Processing file /opt/airflow/dags/football_pipeline.py for tasks to queue
[2026-02-22T01:19:51.335+0000] {logging_mixin.py:188} INFO - [2026-02-22T01:19:51.335+0000] {dagbag.py:545} INFO - Filling up the DagBag from /opt/airflow/dags/football_pipeline.py
[2026-02-22T01:19:51.357+0000] {processor.py:840} INFO - DAG(s) 'football_pipeline' retrieved from /opt/airflow/dags/football_pipeline.py
[2026-02-22T01:19:51.423+0000] {logging_mixin.py:188} INFO - [2026-02-22T01:19:51.423+0000] {dag.py:3089} INFO - Sync 1 DAGs
[2026-02-22T01:19:51.475+0000] {logging_mixin.py:188} INFO - [2026-02-22T01:19:51.474+0000] {dag.py:3947} INFO - Setting next_dagrun for football_pipeline to 2026-02-21 06:00:00+00:00, run_after=2026-02-22 06:00:00+00:00
[2026-02-22T01:19:51.511+0000] {processor.py:183} INFO - Processing /opt/airflow/dags/football_pipeline.py took 0.187 seconds
[2026-02-22T01:20:21.698+0000] {processor.py:161} INFO - Started process (PID=3331) to work on /opt/airflow/dags/football_pipeline.py
[2026-02-22T01:20:21.705+0000] {processor.py:830} INFO - Processing file /opt/airflow/dags/football_pipeline.py for tasks to queue
[2026-02-22T01:20:21.707+0000] {logging_mixin.py:188} INFO - [2026-02-22T01:20:21.706+0000] {dagbag.py:545} INFO - Filling up the DagBag from /opt/airflow/dags/football_pipeline.py
[2026-02-22T01:20:21.726+0000] {processor.py:840} INFO - DAG(s) 'football_pipeline' retrieved from /opt/airflow/dags/football_pipeline.py
[2026-02-22T01:20:21.758+0000] {logging_mixin.py:188} INFO - [2026-02-22T01:20:21.758+0000] {dag.py:3089} INFO - Sync 1 DAGs
[2026-02-22T01:20:21.786+0000] {logging_mixin.py:188} INFO - [2026-02-22T01:20:21.786+0000] {dag.py:3947} INFO - Setting next_dagrun for football_pipeline to 2026-02-21 06:00:00+00:00, run_after=2026-02-22 06:00:00+00:00
[2026-02-22T01:20:21.809+0000] {processor.py:183} INFO - Processing /opt/airflow/dags/football_pipeline.py took 0.120 seconds
[2026-02-22T01:20:51.941+0000] {processor.py:161} INFO - Started process (PID=3336) to work on /opt/airflow/dags/football_pipeline.py
[2026-02-22T01:20:51.942+0000] {processor.py:830} INFO - Processing file /opt/airflow/dags/football_pipeline.py for tasks to queue
[2026-02-22T01:20:51.947+0000] {logging_mixin.py:188} INFO - [2026-02-22T01:20:51.946+0000] {dagbag.py:545} INFO - Filling up the DagBag from /opt/airflow/dags/football_pipeline.py
[2026-02-22T01:20:51.987+0000] {processor.py:840} INFO - DAG(s) 'football_pipeline' retrieved from /opt/airflow/dags/football_pipeline.py
[2026-02-22T01:20:52.035+0000] {logging_mixin.py:188} INFO - [2026-02-22T01:20:52.035+0000] {dag.py:3089} INFO - Sync 1 DAGs
[2026-02-22T01:20:52.062+0000] {logging_mixin.py:188} INFO - [2026-02-22T01:20:52.061+0000] {dag.py:3947} INFO - Setting next_dagrun for football_pipeline to 2026-02-21 06:00:00+00:00, run_after=2026-02-22 06:00:00+00:00
[2026-02-22T01:20:52.086+0000] {processor.py:183} INFO - Processing /opt/airflow/dags/football_pipeline.py took 0.153 seconds
[2026-02-22T02:42:42.323+0000] {processor.py:161} INFO - Started process (PID=174) to work on /opt/airflow/dags/football_pipeline.py
[2026-02-22T02:42:42.325+0000] {processor.py:830} INFO - Processing file /opt/airflow/dags/football_pipeline.py for tasks to queue
[2026-02-22T02:42:42.328+0000] {logging_mixin.py:188} INFO - [2026-02-22T02:42:42.327+0000] {dagbag.py:545} INFO - Filling up the DagBag from /opt/airflow/dags/football_pipeline.py
[2026-02-22T02:42:42.357+0000] {processor.py:840} INFO - DAG(s) 'football_pipeline' retrieved from /opt/airflow/dags/football_pipeline.py
[2026-02-22T02:42:42.604+0000] {logging_mixin.py:188} INFO - [2026-02-22T02:42:42.604+0000] {dag.py:3089} INFO - Sync 1 DAGs
[2026-02-22T02:42:42.630+0000] {logging_mixin.py:188} INFO - [2026-02-22T02:42:42.630+0000] {dag.py:3947} INFO - Setting next_dagrun for football_pipeline to 2026-02-21 06:00:00+00:00, run_after=2026-02-22 06:00:00+00:00
[2026-02-22T02:42:42.658+0000] {processor.py:183} INFO - Processing /opt/airflow/dags/football_pipeline.py took 0.341 seconds
[2026-02-22T02:43:12.929+0000] {processor.py:161} INFO - Started process (PID=179) to work on /opt/airflow/dags/football_pipeline.py
[2026-02-22T02:43:12.931+0000] {processor.py:830} INFO - Processing file /opt/airflow/dags/football_pipeline.py for tasks to queue
[2026-02-22T02:43:12.935+0000] {logging_mixin.py:188} INFO - [2026-02-22T02:43:12.934+0000] {dagbag.py:545} INFO - Filling up the DagBag from /opt/airflow/dags/football_pipeline.py
[2026-02-22T02:43:12.967+0000] {processor.py:840} INFO - DAG(s) 'football_pipeline' retrieved from /opt/airflow/dags/football_pipeline.py
[2026-02-22T02:43:13.012+0000] {logging_mixin.py:188} INFO - [2026-02-22T02:43:13.012+0000] {dag.py:3089} INFO - Sync 1 DAGs
[2026-02-22T02:43:13.044+0000] {logging_mixin.py:188} INFO - [2026-02-22T02:43:13.043+0000] {dag.py:3947} INFO - Setting next_dagrun for football_pipeline to 2026-02-21 06:00:00+00:00, run_after=2026-02-22 06:00:00+00:00
[2026-02-22T02:43:13.086+0000] {processor.py:183} INFO - Processing /opt/airflow/dags/football_pipeline.py took 0.167 seconds
[2026-02-22T02:43:43.370+0000] {processor.py:161} INFO - Started process (PID=184) to work on /opt/airflow/dags/football_pipeline.py
[2026-02-22T02:43:43.372+0000] {processor.py:830} INFO - Processing file /opt/airflow/dags/football_pipeline.py for tasks to queue
[2026-02-22T02:43:43.375+0000] {logging_mixin.py:188} INFO - [2026-02-22T02:43:43.374+0000] {dagbag.py:545} INFO - Filling up the DagBag from /opt/airflow/dags/football_pipeline.py
[2026-02-22T02:43:43.413+0000] {processor.py:840} INFO - DAG(s) 'football_pipeline' retrieved from /opt/airflow/dags/football_pipeline.py
[2026-02-22T02:43:43.475+0000] {logging_mixin.py:188} INFO - [2026-02-22T02:43:43.475+0000] {dag.py:3089} INFO - Sync 1 DAGs
[2026-02-22T02:43:43.516+0000] {logging_mixin.py:188} INFO - [2026-02-22T02:43:43.516+0000] {dag.py:3947} INFO - Setting next_dagrun for football_pipeline to 2026-02-21 06:00:00+00:00, run_after=2026-02-22 06:00:00+00:00
[2026-02-22T02:43:43.564+0000] {processor.py:183} INFO - Processing /opt/airflow/dags/football_pipeline.py took 0.207 seconds
[2026-02-22T02:44:13.770+0000] {processor.py:161} INFO - Started process (PID=189) to work on /opt/airflow/dags/football_pipeline.py
[2026-02-22T02:44:13.785+0000] {processor.py:830} INFO - Processing file /opt/airflow/dags/football_pipeline.py for tasks to queue
[2026-02-22T02:44:13.787+0000] {logging_mixin.py:188} INFO - [2026-02-22T02:44:13.787+0000] {dagbag.py:545} INFO - Filling up the DagBag from /opt/airflow/dags/football_pipeline.py
[2026-02-22T02:44:13.812+0000] {processor.py:840} INFO - DAG(s) 'football_pipeline' retrieved from /opt/airflow/dags/football_pipeline.py
[2026-02-22T02:44:13.852+0000] {logging_mixin.py:188} INFO - [2026-02-22T02:44:13.852+0000] {dag.py:3089} INFO - Sync 1 DAGs
[2026-02-22T02:44:13.883+0000] {logging_mixin.py:188} INFO - [2026-02-22T02:44:13.883+0000] {dag.py:3947} INFO - Setting next_dagrun for football_pipeline to 2026-02-21 06:00:00+00:00, run_after=2026-02-22 06:00:00+00:00
[2026-02-22T02:44:13.926+0000] {processor.py:183} INFO - Processing /opt/airflow/dags/football_pipeline.py took 0.164 seconds
[2026-02-22T02:44:44.043+0000] {processor.py:161} INFO - Started process (PID=194) to work on /opt/airflow/dags/football_pipeline.py
[2026-02-22T02:44:44.057+0000] {processor.py:830} INFO - Processing file /opt/airflow/dags/football_pipeline.py for tasks to queue
[2026-02-22T02:44:44.060+0000] {logging_mixin.py:188} INFO - [2026-02-22T02:44:44.060+0000] {dagbag.py:545} INFO - Filling up the DagBag from /opt/airflow/dags/football_pipeline.py
[2026-02-22T02:44:44.084+0000] {processor.py:840} INFO - DAG(s) 'football_pipeline' retrieved from /opt/airflow/dags/football_pipeline.py
[2026-02-22T02:44:44.129+0000] {logging_mixin.py:188} INFO - [2026-02-22T02:44:44.129+0000] {dag.py:3089} INFO - Sync 1 DAGs
[2026-02-22T02:44:44.160+0000] {logging_mixin.py:188} INFO - [2026-02-22T02:44:44.160+0000] {dag.py:3947} INFO - Setting next_dagrun for football_pipeline to 2026-02-21 06:00:00+00:00, run_after=2026-02-22 06:00:00+00:00
[2026-02-22T02:44:44.206+0000] {processor.py:183} INFO - Processing /opt/airflow/dags/football_pipeline.py took 0.171 seconds
[2026-02-22T02:45:14.330+0000] {processor.py:161} INFO - Started process (PID=199) to work on /opt/airflow/dags/football_pipeline.py
[2026-02-22T02:45:14.332+0000] {processor.py:830} INFO - Processing file /opt/airflow/dags/football_pipeline.py for tasks to queue
[2026-02-22T02:45:14.335+0000] {logging_mixin.py:188} INFO - [2026-02-22T02:45:14.334+0000] {dagbag.py:545} INFO - Filling up the DagBag from /opt/airflow/dags/football_pipeline.py
[2026-02-22T02:45:14.359+0000] {processor.py:840} INFO - DAG(s) 'football_pipeline' retrieved from /opt/airflow/dags/football_pipeline.py
[2026-02-22T02:45:14.410+0000] {logging_mixin.py:188} INFO - [2026-02-22T02:45:14.409+0000] {dag.py:3089} INFO - Sync 1 DAGs
[2026-02-22T02:45:14.451+0000] {logging_mixin.py:188} INFO - [2026-02-22T02:45:14.451+0000] {dag.py:3947} INFO - Setting next_dagrun for football_pipeline to 2026-02-21 06:00:00+00:00, run_after=2026-02-22 06:00:00+00:00
[2026-02-22T02:45:14.490+0000] {processor.py:183} INFO - Processing /opt/airflow/dags/football_pipeline.py took 0.167 seconds
[2026-02-22T02:45:44.591+0000] {processor.py:161} INFO - Started process (PID=204) to work on /opt/airflow/dags/football_pipeline.py
[2026-02-22T02:45:44.606+0000] {processor.py:830} INFO - Processing file /opt/airflow/dags/football_pipeline.py for tasks to queue
[2026-02-22T02:45:44.610+0000] {logging_mixin.py:188} INFO - [2026-02-22T02:45:44.609+0000] {dagbag.py:545} INFO - Filling up the DagBag from /opt/airflow/dags/football_pipeline.py
[2026-02-22T02:45:44.641+0000] {processor.py:840} INFO - DAG(s) 'football_pipeline' retrieved from /opt/airflow/dags/football_pipeline.py
[2026-02-22T02:45:44.692+0000] {logging_mixin.py:188} INFO - [2026-02-22T02:45:44.692+0000] {dag.py:3089} INFO - Sync 1 DAGs
[2026-02-22T02:45:44.738+0000] {logging_mixin.py:188} INFO - [2026-02-22T02:45:44.738+0000] {dag.py:3947} INFO - Setting next_dagrun for football_pipeline to 2026-02-21 06:00:00+00:00, run_after=2026-02-22 06:00:00+00:00
[2026-02-22T02:45:44.776+0000] {processor.py:183} INFO - Processing /opt/airflow/dags/football_pipeline.py took 0.196 seconds
[2026-02-22T02:46:14.854+0000] {processor.py:161} INFO - Started process (PID=209) to work on /opt/airflow/dags/football_pipeline.py
[2026-02-22T02:46:14.856+0000] {processor.py:830} INFO - Processing file /opt/airflow/dags/football_pipeline.py for tasks to queue
[2026-02-22T02:46:14.859+0000] {logging_mixin.py:188} INFO - [2026-02-22T02:46:14.859+0000] {dagbag.py:545} INFO - Filling up the DagBag from /opt/airflow/dags/football_pipeline.py
[2026-02-22T02:46:14.886+0000] {processor.py:840} INFO - DAG(s) 'football_pipeline' retrieved from /opt/airflow/dags/football_pipeline.py
[2026-02-22T02:46:14.930+0000] {logging_mixin.py:188} INFO - [2026-02-22T02:46:14.930+0000] {dag.py:3089} INFO - Sync 1 DAGs
[2026-02-22T02:46:14.962+0000] {logging_mixin.py:188} INFO - [2026-02-22T02:46:14.962+0000] {dag.py:3947} INFO - Setting next_dagrun for football_pipeline to 2026-02-21 06:00:00+00:00, run_after=2026-02-22 06:00:00+00:00
[2026-02-22T02:46:15.005+0000] {processor.py:183} INFO - Processing /opt/airflow/dags/football_pipeline.py took 0.162 seconds
[2026-02-22T02:46:45.190+0000] {processor.py:161} INFO - Started process (PID=214) to work on /opt/airflow/dags/football_pipeline.py
[2026-02-22T02:46:45.193+0000] {processor.py:830} INFO - Processing file /opt/airflow/dags/football_pipeline.py for tasks to queue
[2026-02-22T02:46:45.196+0000] {logging_mixin.py:188} INFO - [2026-02-22T02:46:45.196+0000] {dagbag.py:545} INFO - Filling up the DagBag from /opt/airflow/dags/football_pipeline.py
[2026-02-22T02:46:45.220+0000] {processor.py:840} INFO - DAG(s) 'football_pipeline' retrieved from /opt/airflow/dags/football_pipeline.py
[2026-02-22T02:46:45.262+0000] {logging_mixin.py:188} INFO - [2026-02-22T02:46:45.262+0000] {dag.py:3089} INFO - Sync 1 DAGs
[2026-02-22T02:46:45.294+0000] {logging_mixin.py:188} INFO - [2026-02-22T02:46:45.294+0000] {dag.py:3947} INFO - Setting next_dagrun for football_pipeline to 2026-02-21 06:00:00+00:00, run_after=2026-02-22 06:00:00+00:00
[2026-02-22T02:46:45.337+0000] {processor.py:183} INFO - Processing /opt/airflow/dags/football_pipeline.py took 0.157 seconds
[2026-02-22T02:47:16.116+0000] {processor.py:161} INFO - Started process (PID=219) to work on /opt/airflow/dags/football_pipeline.py
[2026-02-22T02:47:16.117+0000] {processor.py:830} INFO - Processing file /opt/airflow/dags/football_pipeline.py for tasks to queue
[2026-02-22T02:47:16.120+0000] {logging_mixin.py:188} INFO - [2026-02-22T02:47:16.119+0000] {dagbag.py:545} INFO - Filling up the DagBag from /opt/airflow/dags/football_pipeline.py
[2026-02-22T02:47:16.141+0000] {processor.py:840} INFO - DAG(s) 'football_pipeline' retrieved from /opt/airflow/dags/football_pipeline.py
[2026-02-22T02:47:16.183+0000] {logging_mixin.py:188} INFO - [2026-02-22T02:47:16.183+0000] {dag.py:3089} INFO - Sync 1 DAGs
[2026-02-22T02:47:16.212+0000] {logging_mixin.py:188} INFO - [2026-02-22T02:47:16.212+0000] {dag.py:3947} INFO - Setting next_dagrun for football_pipeline to 2026-02-21 06:00:00+00:00, run_after=2026-02-22 06:00:00+00:00
[2026-02-22T02:47:16.257+0000] {processor.py:183} INFO - Processing /opt/airflow/dags/football_pipeline.py took 0.152 seconds
[2026-02-22T02:47:46.647+0000] {processor.py:161} INFO - Started process (PID=224) to work on /opt/airflow/dags/football_pipeline.py
[2026-02-22T02:47:46.662+0000] {processor.py:830} INFO - Processing file /opt/airflow/dags/football_pipeline.py for tasks to queue
[2026-02-22T02:47:46.664+0000] {logging_mixin.py:188} INFO - [2026-02-22T02:47:46.664+0000] {dagbag.py:545} INFO - Filling up the DagBag from /opt/airflow/dags/football_pipeline.py
[2026-02-22T02:47:46.688+0000] {processor.py:840} INFO - DAG(s) 'football_pipeline' retrieved from /opt/airflow/dags/football_pipeline.py
[2026-02-22T02:47:46.732+0000] {logging_mixin.py:188} INFO - [2026-02-22T02:47:46.732+0000] {dag.py:3089} INFO - Sync 1 DAGs
[2026-02-22T02:47:46.764+0000] {logging_mixin.py:188} INFO - [2026-02-22T02:47:46.764+0000] {dag.py:3947} INFO - Setting next_dagrun for football_pipeline to 2026-02-21 06:00:00+00:00, run_after=2026-02-22 06:00:00+00:00
[2026-02-22T02:47:46.799+0000] {processor.py:183} INFO - Processing /opt/airflow/dags/football_pipeline.py took 0.159 seconds
[2026-02-22T02:48:16.855+0000] {processor.py:161} INFO - Started process (PID=229) to work on /opt/airflow/dags/football_pipeline.py
[2026-02-22T02:48:16.856+0000] {processor.py:830} INFO - Processing file /opt/airflow/dags/football_pipeline.py for tasks to queue
[2026-02-22T02:48:16.859+0000] {logging_mixin.py:188} INFO - [2026-02-22T02:48:16.858+0000] {dagbag.py:545} INFO - Filling up the DagBag from /opt/airflow/dags/football_pipeline.py
[2026-02-22T02:48:16.882+0000] {processor.py:840} INFO - DAG(s) 'football_pipeline' retrieved from /opt/airflow/dags/football_pipeline.py
[2026-02-22T02:48:16.927+0000] {logging_mixin.py:188} INFO - [2026-02-22T02:48:16.926+0000] {dag.py:3089} INFO - Sync 1 DAGs
[2026-02-22T02:48:16.957+0000] {logging_mixin.py:188} INFO - [2026-02-22T02:48:16.957+0000] {dag.py:3947} INFO - Setting next_dagrun for football_pipeline to 2026-02-21 06:00:00+00:00, run_after=2026-02-22 06:00:00+00:00
[2026-02-22T02:48:16.987+0000] {processor.py:183} INFO - Processing /opt/airflow/dags/football_pipeline.py took 0.139 seconds
[2026-02-22T02:48:47.075+0000] {processor.py:161} INFO - Started process (PID=234) to work on /opt/airflow/dags/football_pipeline.py
[2026-02-22T02:48:47.076+0000] {processor.py:830} INFO - Processing file /opt/airflow/dags/football_pipeline.py for tasks to queue
[2026-02-22T02:48:47.078+0000] {logging_mixin.py:188} INFO - [2026-02-22T02:48:47.078+0000] {dagbag.py:545} INFO - Filling up the DagBag from /opt/airflow/dags/football_pipeline.py
[2026-02-22T02:48:47.099+0000] {processor.py:840} INFO - DAG(s) 'football_pipeline' retrieved from /opt/airflow/dags/football_pipeline.py
[2026-02-22T02:48:47.137+0000] {logging_mixin.py:188} INFO - [2026-02-22T02:48:47.136+0000] {dag.py:3089} INFO - Sync 1 DAGs
[2026-02-22T02:48:47.164+0000] {logging_mixin.py:188} INFO - [2026-02-22T02:48:47.163+0000] {dag.py:3947} INFO - Setting next_dagrun for football_pipeline to 2026-02-21 06:00:00+00:00, run_after=2026-02-22 06:00:00+00:00
[2026-02-22T02:48:47.190+0000] {processor.py:183} INFO - Processing /opt/airflow/dags/football_pipeline.py took 0.124 seconds
[2026-02-22T02:49:17.385+0000] {processor.py:161} INFO - Started process (PID=239) to work on /opt/airflow/dags/football_pipeline.py
[2026-02-22T02:49:17.386+0000] {processor.py:830} INFO - Processing file /opt/airflow/dags/football_pipeline.py for tasks to queue
[2026-02-22T02:49:17.388+0000] {logging_mixin.py:188} INFO - [2026-02-22T02:49:17.387+0000] {dagbag.py:545} INFO - Filling up the DagBag from /opt/airflow/dags/football_pipeline.py
[2026-02-22T02:49:17.413+0000] {processor.py:840} INFO - DAG(s) 'football_pipeline' retrieved from /opt/airflow/dags/football_pipeline.py
[2026-02-22T02:49:17.456+0000] {logging_mixin.py:188} INFO - [2026-02-22T02:49:17.456+0000] {dag.py:3089} INFO - Sync 1 DAGs
[2026-02-22T02:49:17.490+0000] {logging_mixin.py:188} INFO - [2026-02-22T02:49:17.490+0000] {dag.py:3947} INFO - Setting next_dagrun for football_pipeline to 2026-02-21 06:00:00+00:00, run_after=2026-02-22 06:00:00+00:00
[2026-02-22T02:49:17.518+0000] {processor.py:183} INFO - Processing /opt/airflow/dags/football_pipeline.py took 0.142 seconds
[2026-02-22T02:49:47.595+0000] {processor.py:161} INFO - Started process (PID=244) to work on /opt/airflow/dags/football_pipeline.py
[2026-02-22T02:49:47.610+0000] {processor.py:830} INFO - Processing file /opt/airflow/dags/football_pipeline.py for tasks to queue
[2026-02-22T02:49:47.613+0000] {logging_mixin.py:188} INFO - [2026-02-22T02:49:47.613+0000] {dagbag.py:545} INFO - Filling up the DagBag from /opt/airflow/dags/football_pipeline.py
[2026-02-22T02:49:47.637+0000] {processor.py:840} INFO - DAG(s) 'football_pipeline' retrieved from /opt/airflow/dags/football_pipeline.py
[2026-02-22T02:49:47.675+0000] {logging_mixin.py:188} INFO - [2026-02-22T02:49:47.675+0000] {dag.py:3089} INFO - Sync 1 DAGs
[2026-02-22T02:49:47.706+0000] {logging_mixin.py:188} INFO - [2026-02-22T02:49:47.706+0000] {dag.py:3947} INFO - Setting next_dagrun for football_pipeline to 2026-02-21 06:00:00+00:00, run_after=2026-02-22 06:00:00+00:00
[2026-02-22T02:49:47.751+0000] {processor.py:183} INFO - Processing /opt/airflow/dags/football_pipeline.py took 0.167 seconds
[2026-02-22T02:50:17.898+0000] {processor.py:161} INFO - Started process (PID=249) to work on /opt/airflow/dags/football_pipeline.py
[2026-02-22T02:50:17.898+0000] {processor.py:830} INFO - Processing file /opt/airflow/dags/football_pipeline.py for tasks to queue
[2026-02-22T02:50:17.901+0000] {logging_mixin.py:188} INFO - [2026-02-22T02:50:17.900+0000] {dagbag.py:545} INFO - Filling up the DagBag from /opt/airflow/dags/football_pipeline.py
[2026-02-22T02:50:17.921+0000] {processor.py:840} INFO - DAG(s) 'football_pipeline' retrieved from /opt/airflow/dags/football_pipeline.py
[2026-02-22T02:50:17.959+0000] {logging_mixin.py:188} INFO - [2026-02-22T02:50:17.959+0000] {dag.py:3089} INFO - Sync 1 DAGs
[2026-02-22T02:50:17.987+0000] {logging_mixin.py:188} INFO - [2026-02-22T02:50:17.986+0000] {dag.py:3947} INFO - Setting next_dagrun for football_pipeline to 2026-02-21 06:00:00+00:00, run_after=2026-02-22 06:00:00+00:00
[2026-02-22T02:50:18.013+0000] {processor.py:183} INFO - Processing /opt/airflow/dags/football_pipeline.py took 0.124 seconds
[2026-02-22T02:50:48.164+0000] {processor.py:161} INFO - Started process (PID=254) to work on /opt/airflow/dags/football_pipeline.py
[2026-02-22T02:50:48.179+0000] {processor.py:830} INFO - Processing file /opt/airflow/dags/football_pipeline.py for tasks to queue
[2026-02-22T02:50:48.181+0000] {logging_mixin.py:188} INFO - [2026-02-22T02:50:48.181+0000] {dagbag.py:545} INFO - Filling up the DagBag from /opt/airflow/dags/football_pipeline.py
[2026-02-22T02:50:48.203+0000] {processor.py:840} INFO - DAG(s) 'football_pipeline' retrieved from /opt/airflow/dags/football_pipeline.py
[2026-02-22T02:50:48.243+0000] {logging_mixin.py:188} INFO - [2026-02-22T02:50:48.243+0000] {dag.py:3089} INFO - Sync 1 DAGs
[2026-02-22T02:50:48.274+0000] {logging_mixin.py:188} INFO - [2026-02-22T02:50:48.274+0000] {dag.py:3947} INFO - Setting next_dagrun for football_pipeline to 2026-02-21 06:00:00+00:00, run_after=2026-02-22 06:00:00+00:00
[2026-02-22T02:50:48.300+0000] {processor.py:183} INFO - Processing /opt/airflow/dags/football_pipeline.py took 0.152 seconds
[2026-02-22T02:51:18.419+0000] {processor.py:161} INFO - Started process (PID=259) to work on /opt/airflow/dags/football_pipeline.py
[2026-02-22T02:51:18.420+0000] {processor.py:830} INFO - Processing file /opt/airflow/dags/football_pipeline.py for tasks to queue
[2026-02-22T02:51:18.422+0000] {logging_mixin.py:188} INFO - [2026-02-22T02:51:18.422+0000] {dagbag.py:545} INFO - Filling up the DagBag from /opt/airflow/dags/football_pipeline.py
[2026-02-22T02:51:18.446+0000] {processor.py:840} INFO - DAG(s) 'football_pipeline' retrieved from /opt/airflow/dags/football_pipeline.py
[2026-02-22T02:51:18.487+0000] {logging_mixin.py:188} INFO - [2026-02-22T02:51:18.486+0000] {dag.py:3089} INFO - Sync 1 DAGs
[2026-02-22T02:51:18.517+0000] {logging_mixin.py:188} INFO - [2026-02-22T02:51:18.516+0000] {dag.py:3947} INFO - Setting next_dagrun for football_pipeline to 2026-02-21 06:00:00+00:00, run_after=2026-02-22 06:00:00+00:00
[2026-02-22T02:51:18.546+0000] {processor.py:183} INFO - Processing /opt/airflow/dags/football_pipeline.py took 0.135 seconds
[2026-02-22T02:51:48.822+0000] {processor.py:161} INFO - Started process (PID=264) to work on /opt/airflow/dags/football_pipeline.py
[2026-02-22T02:51:48.837+0000] {processor.py:830} INFO - Processing file /opt/airflow/dags/football_pipeline.py for tasks to queue
[2026-02-22T02:51:48.841+0000] {logging_mixin.py:188} INFO - [2026-02-22T02:51:48.840+0000] {dagbag.py:545} INFO - Filling up the DagBag from /opt/airflow/dags/football_pipeline.py
[2026-02-22T02:51:48.864+0000] {processor.py:840} INFO - DAG(s) 'football_pipeline' retrieved from /opt/airflow/dags/football_pipeline.py
[2026-02-22T02:51:48.899+0000] {logging_mixin.py:188} INFO - [2026-02-22T02:51:48.898+0000] {dag.py:3089} INFO - Sync 1 DAGs
[2026-02-22T02:51:48.924+0000] {logging_mixin.py:188} INFO - [2026-02-22T02:51:48.924+0000] {dag.py:3947} INFO - Setting next_dagrun for football_pipeline to 2026-02-21 06:00:00+00:00, run_after=2026-02-22 06:00:00+00:00
[2026-02-22T02:51:48.949+0000] {processor.py:183} INFO - Processing /opt/airflow/dags/football_pipeline.py took 0.138 seconds
[2026-02-22T02:52:19.053+0000] {processor.py:161} INFO - Started process (PID=269) to work on /opt/airflow/dags/football_pipeline.py
[2026-02-22T02:52:19.064+0000] {processor.py:830} INFO - Processing file /opt/airflow/dags/football_pipeline.py for tasks to queue
[2026-02-22T02:52:19.069+0000] {logging_mixin.py:188} INFO - [2026-02-22T02:52:19.069+0000] {dagbag.py:545} INFO - Filling up the DagBag from /opt/airflow/dags/football_pipeline.py
[2026-02-22T02:52:19.119+0000] {processor.py:840} INFO - DAG(s) 'football_pipeline' retrieved from /opt/airflow/dags/football_pipeline.py
[2026-02-22T02:52:19.201+0000] {logging_mixin.py:188} INFO - [2026-02-22T02:52:19.199+0000] {dag.py:3089} INFO - Sync 1 DAGs
[2026-02-22T02:52:19.267+0000] {logging_mixin.py:188} INFO - [2026-02-22T02:52:19.266+0000] {dag.py:3947} INFO - Setting next_dagrun for football_pipeline to 2026-02-21 06:00:00+00:00, run_after=2026-02-22 06:00:00+00:00
[2026-02-22T02:52:19.325+0000] {processor.py:183} INFO - Processing /opt/airflow/dags/football_pipeline.py took 0.293 seconds
