[2026-02-20T16:19:51.818+0000] {local_task_job_runner.py:120} INFO - ::group::Pre task execution logs
[2026-02-20T16:19:51.860+0000] {taskinstance.py:2076} INFO - Dependencies all met for dep_context=non-requeueable deps ti=<TaskInstance: football_pipeline.fetch_team_results scheduled__2026-02-19T06:00:00+00:00 [queued]>
[2026-02-20T16:19:51.870+0000] {taskinstance.py:2076} INFO - Dependencies all met for dep_context=requeueable deps ti=<TaskInstance: football_pipeline.fetch_team_results scheduled__2026-02-19T06:00:00+00:00 [queued]>
[2026-02-20T16:19:51.870+0000] {taskinstance.py:2306} INFO - Starting attempt 1 of 2
[2026-02-20T16:19:51.884+0000] {taskinstance.py:2330} INFO - Executing <Task(PythonOperator): fetch_team_results> on 2026-02-19 06:00:00+00:00
[2026-02-20T16:19:51.892+0000] {standard_task_runner.py:90} INFO - Running: ['airflow', 'tasks', 'run', 'football_pipeline', 'fetch_team_results', 'scheduled__2026-02-19T06:00:00+00:00', '--job-id', '9', '--raw', '--subdir', 'DAGS_FOLDER/football_pipeline.py', '--cfg-path', '/tmp/tmp39ppsttf']
[2026-02-20T16:19:51.894+0000] {standard_task_runner.py:91} INFO - Job 9: Subtask fetch_team_results
[2026-02-20T16:19:51.895+0000] {logging_mixin.py:188} WARNING - /home/airflow/.local/lib/python3.12/site-packages/airflow/task/task_runner/standard_task_runner.py:62 DeprecationWarning: This process (pid=242) is multi-threaded, use of fork() may lead to deadlocks in the child.
[2026-02-20T16:19:51.896+0000] {standard_task_runner.py:64} INFO - Started process 245 to run task
[2026-02-20T16:19:51.954+0000] {task_command.py:426} INFO - Running <TaskInstance: football_pipeline.fetch_team_results scheduled__2026-02-19T06:00:00+00:00 [running]> on host 1a59b21303c0
[2026-02-20T16:19:52.050+0000] {taskinstance.py:2648} INFO - Exporting env vars: AIRFLOW_CTX_DAG_OWNER='yassine' AIRFLOW_CTX_DAG_ID='football_pipeline' AIRFLOW_CTX_TASK_ID='fetch_team_results' AIRFLOW_CTX_EXECUTION_DATE='2026-02-19T06:00:00+00:00' AIRFLOW_CTX_TRY_NUMBER='1' AIRFLOW_CTX_DAG_RUN_ID='scheduled__2026-02-19T06:00:00+00:00'
[2026-02-20T16:19:52.051+0000] {taskinstance.py:430} INFO - ::endgroup::
[2026-02-20T16:19:52.066+0000] {logging_mixin.py:188} INFO - 📋 Fetching team results...
[2026-02-20T16:19:53.217+0000] {logging_mixin.py:188} INFO - ✅ Team results done!
[2026-02-20T16:19:53.218+0000] {python.py:237} INFO - Done. Returned value was: None
[2026-02-20T16:19:53.218+0000] {taskinstance.py:441} INFO - ::group::Post task execution logs
[2026-02-20T16:19:53.227+0000] {taskinstance.py:1206} INFO - Marking task as SUCCESS. dag_id=football_pipeline, task_id=fetch_team_results, run_id=scheduled__2026-02-19T06:00:00+00:00, execution_date=20260219T060000, start_date=20260220T161951, end_date=20260220T161953
[2026-02-20T16:19:53.279+0000] {local_task_job_runner.py:243} INFO - Task exited with return code 0
[2026-02-20T16:19:53.305+0000] {taskinstance.py:3503} INFO - 1 downstream tasks scheduled from follow-on schedule check
[2026-02-20T16:19:53.308+0000] {local_task_job_runner.py:222} INFO - ::endgroup::
