[2026-02-20T16:19:34.260+0000] {local_task_job_runner.py:120} INFO - ::group::Pre task execution logs
[2026-02-20T16:19:34.294+0000] {taskinstance.py:2076} INFO - Dependencies all met for dep_context=non-requeueable deps ti=<TaskInstance: football_pipeline.fetch_top_scorers scheduled__2026-02-19T06:00:00+00:00 [queued]>
[2026-02-20T16:19:34.304+0000] {taskinstance.py:2076} INFO - Dependencies all met for dep_context=requeueable deps ti=<TaskInstance: football_pipeline.fetch_top_scorers scheduled__2026-02-19T06:00:00+00:00 [queued]>
[2026-02-20T16:19:34.304+0000] {taskinstance.py:2306} INFO - Starting attempt 1 of 2
[2026-02-20T16:19:34.318+0000] {taskinstance.py:2330} INFO - Executing <Task(PythonOperator): fetch_top_scorers> on 2026-02-19 06:00:00+00:00
[2026-02-20T16:19:34.324+0000] {standard_task_runner.py:90} INFO - Running: ['airflow', 'tasks', 'run', 'football_pipeline', 'fetch_top_scorers', 'scheduled__2026-02-19T06:00:00+00:00', '--job-id', '6', '--raw', '--subdir', 'DAGS_FOLDER/football_pipeline.py', '--cfg-path', '/tmp/tmpx91dobgk']
[2026-02-20T16:19:34.327+0000] {standard_task_runner.py:91} INFO - Job 6: Subtask fetch_top_scorers
[2026-02-20T16:19:34.327+0000] {logging_mixin.py:188} WARNING - /home/airflow/.local/lib/python3.12/site-packages/airflow/task/task_runner/standard_task_runner.py:62 DeprecationWarning: This process (pid=233) is multi-threaded, use of fork() may lead to deadlocks in the child.
[2026-02-20T16:19:34.328+0000] {standard_task_runner.py:64} INFO - Started process 235 to run task
[2026-02-20T16:19:34.383+0000] {task_command.py:426} INFO - Running <TaskInstance: football_pipeline.fetch_top_scorers scheduled__2026-02-19T06:00:00+00:00 [running]> on host 1a59b21303c0
[2026-02-20T16:19:34.481+0000] {taskinstance.py:2648} INFO - Exporting env vars: AIRFLOW_CTX_DAG_OWNER='yassine' AIRFLOW_CTX_DAG_ID='football_pipeline' AIRFLOW_CTX_TASK_ID='fetch_top_scorers' AIRFLOW_CTX_EXECUTION_DATE='2026-02-19T06:00:00+00:00' AIRFLOW_CTX_TRY_NUMBER='1' AIRFLOW_CTX_DAG_RUN_ID='scheduled__2026-02-19T06:00:00+00:00'
[2026-02-20T16:19:34.481+0000] {taskinstance.py:430} INFO - ::endgroup::
[2026-02-20T16:19:34.493+0000] {logging_mixin.py:188} INFO - ⚽ Fetching top scorers...
[2026-02-20T16:19:51.315+0000] {logging_mixin.py:188} INFO - ✅ Top scorers done!
[2026-02-20T16:19:51.316+0000] {python.py:237} INFO - Done. Returned value was: None
[2026-02-20T16:19:51.317+0000] {taskinstance.py:441} INFO - ::group::Post task execution logs
[2026-02-20T16:19:51.335+0000] {taskinstance.py:1206} INFO - Marking task as SUCCESS. dag_id=football_pipeline, task_id=fetch_top_scorers, run_id=scheduled__2026-02-19T06:00:00+00:00, execution_date=20260219T060000, start_date=20260220T161934, end_date=20260220T161951
[2026-02-20T16:19:51.387+0000] {local_task_job_runner.py:243} INFO - Task exited with return code 0
[2026-02-20T16:19:51.417+0000] {taskinstance.py:3503} INFO - 1 downstream tasks scheduled from follow-on schedule check
[2026-02-20T16:19:51.423+0000] {local_task_job_runner.py:222} INFO - ::endgroup::
