[2026-02-21T11:59:41.138+0000] {local_task_job_runner.py:120} INFO - ::group::Pre task execution logs
[2026-02-21T11:59:41.171+0000] {taskinstance.py:2076} INFO - Dependencies all met for dep_context=non-requeueable deps ti=<TaskInstance: football_pipeline.run_dbt manual__2026-02-21T11:56:43.788278+00:00 [queued]>
[2026-02-21T11:59:41.180+0000] {taskinstance.py:2076} INFO - Dependencies all met for dep_context=requeueable deps ti=<TaskInstance: football_pipeline.run_dbt manual__2026-02-21T11:56:43.788278+00:00 [queued]>
[2026-02-21T11:59:41.181+0000] {taskinstance.py:2306} INFO - Starting attempt 1 of 2
[2026-02-21T11:59:41.195+0000] {taskinstance.py:2330} INFO - Executing <Task(PythonOperator): run_dbt> on 2026-02-21 11:56:43.788278+00:00
[2026-02-21T11:59:41.201+0000] {standard_task_runner.py:90} INFO - Running: ['airflow', 'tasks', 'run', 'football_pipeline', 'run_dbt', 'manual__2026-02-21T11:56:43.788278+00:00', '--job-id', '20', '--raw', '--subdir', 'DAGS_FOLDER/football_pipeline.py', '--cfg-path', '/tmp/tmp0skap8kz']
[2026-02-21T11:59:41.204+0000] {standard_task_runner.py:91} INFO - Job 20: Subtask run_dbt
[2026-02-21T11:59:41.208+0000] {logging_mixin.py:188} WARNING - /home/airflow/.local/lib/python3.12/site-packages/airflow/task/task_runner/standard_task_runner.py:62 DeprecationWarning: This process (pid=250) is multi-threaded, use of fork() may lead to deadlocks in the child.
[2026-02-21T11:59:41.208+0000] {standard_task_runner.py:64} INFO - Started process 251 to run task
[2026-02-21T11:59:41.254+0000] {task_command.py:426} INFO - Running <TaskInstance: football_pipeline.run_dbt manual__2026-02-21T11:56:43.788278+00:00 [running]> on host e0376f04803d
[2026-02-21T11:59:41.344+0000] {taskinstance.py:2648} INFO - Exporting env vars: AIRFLOW_CTX_DAG_OWNER='yassine' AIRFLOW_CTX_DAG_ID='football_pipeline' AIRFLOW_CTX_TASK_ID='run_dbt' AIRFLOW_CTX_EXECUTION_DATE='2026-02-21T11:56:43.788278+00:00' AIRFLOW_CTX_TRY_NUMBER='1' AIRFLOW_CTX_DAG_RUN_ID='manual__2026-02-21T11:56:43.788278+00:00'
[2026-02-21T11:59:41.345+0000] {taskinstance.py:430} INFO - ::endgroup::
[2026-02-21T11:59:41.357+0000] {logging_mixin.py:188} INFO - 🔄 Running dbt transformations...
[2026-02-21T11:59:41.359+0000] {logging_mixin.py:188} INFO - ✅ dbt done!
[2026-02-21T11:59:41.359+0000] {python.py:237} INFO - Done. Returned value was: None
[2026-02-21T11:59:41.360+0000] {taskinstance.py:441} INFO - ::group::Post task execution logs
[2026-02-21T11:59:41.369+0000] {taskinstance.py:1206} INFO - Marking task as SUCCESS. dag_id=football_pipeline, task_id=run_dbt, run_id=manual__2026-02-21T11:56:43.788278+00:00, execution_date=20260221T115643, start_date=20260221T115941, end_date=20260221T115941
[2026-02-21T11:59:41.383+0000] {local_task_job_runner.py:243} INFO - Task exited with return code 0
[2026-02-21T11:59:41.402+0000] {taskinstance.py:3503} INFO - 0 downstream tasks scheduled from follow-on schedule check
[2026-02-21T11:59:41.404+0000] {local_task_job_runner.py:222} INFO - ::endgroup::
