[2026-02-20T16:19:54.132+0000] {local_task_job_runner.py:120} INFO - ::group::Pre task execution logs
[2026-02-20T16:19:54.181+0000] {taskinstance.py:2076} INFO - Dependencies all met for dep_context=non-requeueable deps ti=<TaskInstance: football_pipeline.run_dbt scheduled__2026-02-19T06:00:00+00:00 [queued]>
[2026-02-20T16:19:54.195+0000] {taskinstance.py:2076} INFO - Dependencies all met for dep_context=requeueable deps ti=<TaskInstance: football_pipeline.run_dbt scheduled__2026-02-19T06:00:00+00:00 [queued]>
[2026-02-20T16:19:54.196+0000] {taskinstance.py:2306} INFO - Starting attempt 1 of 2
[2026-02-20T16:19:54.213+0000] {taskinstance.py:2330} INFO - Executing <Task(PythonOperator): run_dbt> on 2026-02-19 06:00:00+00:00
[2026-02-20T16:19:54.223+0000] {standard_task_runner.py:90} INFO - Running: ['airflow', 'tasks', 'run', 'football_pipeline', 'run_dbt', 'scheduled__2026-02-19T06:00:00+00:00', '--job-id', '10', '--raw', '--subdir', 'DAGS_FOLDER/football_pipeline.py', '--cfg-path', '/tmp/tmpjnoeb0r_']
[2026-02-20T16:19:54.225+0000] {standard_task_runner.py:91} INFO - Job 10: Subtask run_dbt
[2026-02-20T16:19:54.228+0000] {logging_mixin.py:188} WARNING - /home/airflow/.local/lib/python3.12/site-packages/airflow/task/task_runner/standard_task_runner.py:62 DeprecationWarning: This process (pid=246) is multi-threaded, use of fork() may lead to deadlocks in the child.
[2026-02-20T16:19:54.229+0000] {standard_task_runner.py:64} INFO - Started process 249 to run task
[2026-02-20T16:19:54.293+0000] {task_command.py:426} INFO - Running <TaskInstance: football_pipeline.run_dbt scheduled__2026-02-19T06:00:00+00:00 [running]> on host 1a59b21303c0
[2026-02-20T16:19:54.410+0000] {taskinstance.py:2648} INFO - Exporting env vars: AIRFLOW_CTX_DAG_OWNER='yassine' AIRFLOW_CTX_DAG_ID='football_pipeline' AIRFLOW_CTX_TASK_ID='run_dbt' AIRFLOW_CTX_EXECUTION_DATE='2026-02-19T06:00:00+00:00' AIRFLOW_CTX_TRY_NUMBER='1' AIRFLOW_CTX_DAG_RUN_ID='scheduled__2026-02-19T06:00:00+00:00'
[2026-02-20T16:19:54.411+0000] {taskinstance.py:430} INFO - ::endgroup::
[2026-02-20T16:19:54.427+0000] {logging_mixin.py:188} INFO - 🔄 Running dbt transformations...
[2026-02-20T16:19:54.429+0000] {logging_mixin.py:188} INFO - ✅ dbt done!
[2026-02-20T16:19:54.429+0000] {python.py:237} INFO - Done. Returned value was: None
[2026-02-20T16:19:54.429+0000] {taskinstance.py:441} INFO - ::group::Post task execution logs
[2026-02-20T16:19:54.441+0000] {taskinstance.py:1206} INFO - Marking task as SUCCESS. dag_id=football_pipeline, task_id=run_dbt, run_id=scheduled__2026-02-19T06:00:00+00:00, execution_date=20260219T060000, start_date=20260220T161954, end_date=20260220T161954
[2026-02-20T16:19:54.484+0000] {local_task_job_runner.py:243} INFO - Task exited with return code 0
[2026-02-20T16:19:54.505+0000] {taskinstance.py:3503} INFO - 0 downstream tasks scheduled from follow-on schedule check
[2026-02-20T16:19:54.508+0000] {local_task_job_runner.py:222} INFO - ::endgroup::
