[2026-02-21T11:58:56.575+0000] {local_task_job_runner.py:120} INFO - ::group::Pre task execution logs
[2026-02-21T11:58:56.612+0000] {taskinstance.py:2076} INFO - Dependencies all met for dep_context=non-requeueable deps ti=<TaskInstance: football_pipeline.fetch_team_results manual__2026-02-21T11:56:43.788278+00:00 [queued]>
[2026-02-21T11:58:56.624+0000] {taskinstance.py:2076} INFO - Dependencies all met for dep_context=requeueable deps ti=<TaskInstance: football_pipeline.fetch_team_results manual__2026-02-21T11:56:43.788278+00:00 [queued]>
[2026-02-21T11:58:56.624+0000] {taskinstance.py:2306} INFO - Starting attempt 1 of 2
[2026-02-21T11:58:56.644+0000] {taskinstance.py:2330} INFO - Executing <Task(PythonOperator): fetch_team_results> on 2026-02-21 11:56:43.788278+00:00
[2026-02-21T11:58:56.652+0000] {standard_task_runner.py:90} INFO - Running: ['airflow', 'tasks', 'run', 'football_pipeline', 'fetch_team_results', 'manual__2026-02-21T11:56:43.788278+00:00', '--job-id', '19', '--raw', '--subdir', 'DAGS_FOLDER/football_pipeline.py', '--cfg-path', '/tmp/tmpdc9zgvgj']
[2026-02-21T11:58:56.654+0000] {standard_task_runner.py:91} INFO - Job 19: Subtask fetch_team_results
[2026-02-21T11:58:56.654+0000] {logging_mixin.py:188} WARNING - /home/airflow/.local/lib/python3.12/site-packages/airflow/task/task_runner/standard_task_runner.py:62 DeprecationWarning: This process (pid=243) is multi-threaded, use of fork() may lead to deadlocks in the child.
[2026-02-21T11:58:56.655+0000] {standard_task_runner.py:64} INFO - Started process 244 to run task
[2026-02-21T11:58:56.720+0000] {task_command.py:426} INFO - Running <TaskInstance: football_pipeline.fetch_team_results manual__2026-02-21T11:56:43.788278+00:00 [running]> on host e0376f04803d
[2026-02-21T11:58:56.850+0000] {taskinstance.py:2648} INFO - Exporting env vars: AIRFLOW_CTX_DAG_OWNER='yassine' AIRFLOW_CTX_DAG_ID='football_pipeline' AIRFLOW_CTX_TASK_ID='fetch_team_results' AIRFLOW_CTX_EXECUTION_DATE='2026-02-21T11:56:43.788278+00:00' AIRFLOW_CTX_TRY_NUMBER='1' AIRFLOW_CTX_DAG_RUN_ID='manual__2026-02-21T11:56:43.788278+00:00'
[2026-02-21T11:58:56.850+0000] {taskinstance.py:430} INFO - ::endgroup::
[2026-02-21T11:58:56.866+0000] {logging_mixin.py:188} INFO - 📋 Fetching team results...
[2026-02-21T11:59:40.785+0000] {logging_mixin.py:188} INFO - ✅ Team results done!
[2026-02-21T11:59:40.787+0000] {python.py:237} INFO - Done. Returned value was: None
[2026-02-21T11:59:40.787+0000] {taskinstance.py:441} INFO - ::group::Post task execution logs
[2026-02-21T11:59:40.805+0000] {taskinstance.py:1206} INFO - Marking task as SUCCESS. dag_id=football_pipeline, task_id=fetch_team_results, run_id=manual__2026-02-21T11:56:43.788278+00:00, execution_date=20260221T115643, start_date=20260221T115856, end_date=20260221T115940
[2026-02-21T11:59:40.856+0000] {local_task_job_runner.py:243} INFO - Task exited with return code 0
[2026-02-21T11:59:40.885+0000] {taskinstance.py:3503} INFO - 1 downstream tasks scheduled from follow-on schedule check
[2026-02-21T11:59:40.889+0000] {local_task_job_runner.py:222} INFO - ::endgroup::
