[2026-02-20T16:19:51.815+0000] {local_task_job_runner.py:120} INFO - ::group::Pre task execution logs
[2026-02-20T16:19:51.852+0000] {taskinstance.py:2076} INFO - Dependencies all met for dep_context=non-requeueable deps ti=<TaskInstance: football_pipeline.fetch_team_results manual__2026-02-20T16:18:48.372045+00:00 [queued]>
[2026-02-20T16:19:51.864+0000] {taskinstance.py:2076} INFO - Dependencies all met for dep_context=requeueable deps ti=<TaskInstance: football_pipeline.fetch_team_results manual__2026-02-20T16:18:48.372045+00:00 [queued]>
[2026-02-20T16:19:51.865+0000] {taskinstance.py:2306} INFO - Starting attempt 1 of 2
[2026-02-20T16:19:51.880+0000] {taskinstance.py:2330} INFO - Executing <Task(PythonOperator): fetch_team_results> on 2026-02-20 16:18:48.372045+00:00
[2026-02-20T16:19:51.886+0000] {standard_task_runner.py:90} INFO - Running: ['airflow', 'tasks', 'run', 'football_pipeline', 'fetch_team_results', 'manual__2026-02-20T16:18:48.372045+00:00', '--job-id', '8', '--raw', '--subdir', 'DAGS_FOLDER/football_pipeline.py', '--cfg-path', '/tmp/tmpd8f9j28s']
[2026-02-20T16:19:51.888+0000] {standard_task_runner.py:91} INFO - Job 8: Subtask fetch_team_results
[2026-02-20T16:19:51.889+0000] {logging_mixin.py:188} WARNING - /home/airflow/.local/lib/python3.12/site-packages/airflow/task/task_runner/standard_task_runner.py:62 DeprecationWarning: This process (pid=243) is multi-threaded, use of fork() may lead to deadlocks in the child.
[2026-02-20T16:19:51.890+0000] {standard_task_runner.py:64} INFO - Started process 244 to run task
[2026-02-20T16:19:51.947+0000] {task_command.py:426} INFO - Running <TaskInstance: football_pipeline.fetch_team_results manual__2026-02-20T16:18:48.372045+00:00 [running]> on host 1a59b21303c0
[2026-02-20T16:19:52.040+0000] {taskinstance.py:2648} INFO - Exporting env vars: AIRFLOW_CTX_DAG_OWNER='yassine' AIRFLOW_CTX_DAG_ID='football_pipeline' AIRFLOW_CTX_TASK_ID='fetch_team_results' AIRFLOW_CTX_EXECUTION_DATE='2026-02-20T16:18:48.372045+00:00' AIRFLOW_CTX_TRY_NUMBER='1' AIRFLOW_CTX_DAG_RUN_ID='manual__2026-02-20T16:18:48.372045+00:00'
[2026-02-20T16:19:52.041+0000] {taskinstance.py:430} INFO - ::endgroup::
[2026-02-20T16:19:52.057+0000] {logging_mixin.py:188} INFO - 📋 Fetching team results...
[2026-02-20T16:19:53.173+0000] {logging_mixin.py:188} INFO - ✅ Team results done!
[2026-02-20T16:19:53.174+0000] {python.py:237} INFO - Done. Returned value was: None
[2026-02-20T16:19:53.175+0000] {taskinstance.py:441} INFO - ::group::Post task execution logs
[2026-02-20T16:19:53.193+0000] {taskinstance.py:1206} INFO - Marking task as SUCCESS. dag_id=football_pipeline, task_id=fetch_team_results, run_id=manual__2026-02-20T16:18:48.372045+00:00, execution_date=20260220T161848, start_date=20260220T161951, end_date=20260220T161953
[2026-02-20T16:19:53.233+0000] {local_task_job_runner.py:243} INFO - Task exited with return code 0
[2026-02-20T16:19:53.258+0000] {taskinstance.py:3503} INFO - 1 downstream tasks scheduled from follow-on schedule check
[2026-02-20T16:19:53.260+0000] {local_task_job_runner.py:222} INFO - ::endgroup::
