[2026-02-20T16:19:54.132+0000] {local_task_job_runner.py:120} INFO - ::group::Pre task execution logs
[2026-02-20T16:19:54.170+0000] {taskinstance.py:2076} INFO - Dependencies all met for dep_context=non-requeueable deps ti=<TaskInstance: football_pipeline.run_dbt manual__2026-02-20T16:18:48.372045+00:00 [queued]>
[2026-02-20T16:19:54.182+0000] {taskinstance.py:2076} INFO - Dependencies all met for dep_context=requeueable deps ti=<TaskInstance: football_pipeline.run_dbt manual__2026-02-20T16:18:48.372045+00:00 [queued]>
[2026-02-20T16:19:54.183+0000] {taskinstance.py:2306} INFO - Starting attempt 1 of 2
[2026-02-20T16:19:54.199+0000] {taskinstance.py:2330} INFO - Executing <Task(PythonOperator): run_dbt> on 2026-02-20 16:18:48.372045+00:00
[2026-02-20T16:19:54.206+0000] {standard_task_runner.py:90} INFO - Running: ['airflow', 'tasks', 'run', 'football_pipeline', 'run_dbt', 'manual__2026-02-20T16:18:48.372045+00:00', '--job-id', '11', '--raw', '--subdir', 'DAGS_FOLDER/football_pipeline.py', '--cfg-path', '/tmp/tmp6wln003h']
[2026-02-20T16:19:54.208+0000] {standard_task_runner.py:91} INFO - Job 11: Subtask run_dbt
[2026-02-20T16:19:54.211+0000] {logging_mixin.py:188} WARNING - /home/airflow/.local/lib/python3.12/site-packages/airflow/task/task_runner/standard_task_runner.py:62 DeprecationWarning: This process (pid=247) is multi-threaded, use of fork() may lead to deadlocks in the child.
[2026-02-20T16:19:54.212+0000] {standard_task_runner.py:64} INFO - Started process 248 to run task
[2026-02-20T16:19:54.274+0000] {task_command.py:426} INFO - Running <TaskInstance: football_pipeline.run_dbt manual__2026-02-20T16:18:48.372045+00:00 [running]> on host 1a59b21303c0
[2026-02-20T16:19:54.388+0000] {taskinstance.py:2648} INFO - Exporting env vars: AIRFLOW_CTX_DAG_OWNER='yassine' AIRFLOW_CTX_DAG_ID='football_pipeline' AIRFLOW_CTX_TASK_ID='run_dbt' AIRFLOW_CTX_EXECUTION_DATE='2026-02-20T16:18:48.372045+00:00' AIRFLOW_CTX_TRY_NUMBER='1' AIRFLOW_CTX_DAG_RUN_ID='manual__2026-02-20T16:18:48.372045+00:00'
[2026-02-20T16:19:54.389+0000] {taskinstance.py:430} INFO - ::endgroup::
[2026-02-20T16:19:54.402+0000] {logging_mixin.py:188} INFO - 🔄 Running dbt transformations...
[2026-02-20T16:19:54.405+0000] {logging_mixin.py:188} INFO - ✅ dbt done!
[2026-02-20T16:19:54.405+0000] {python.py:237} INFO - Done. Returned value was: None
[2026-02-20T16:19:54.406+0000] {taskinstance.py:441} INFO - ::group::Post task execution logs
[2026-02-20T16:19:54.421+0000] {taskinstance.py:1206} INFO - Marking task as SUCCESS. dag_id=football_pipeline, task_id=run_dbt, run_id=manual__2026-02-20T16:18:48.372045+00:00, execution_date=20260220T161848, start_date=20260220T161954, end_date=20260220T161954
[2026-02-20T16:19:54.467+0000] {local_task_job_runner.py:243} INFO - Task exited with return code 0
[2026-02-20T16:19:54.489+0000] {taskinstance.py:3503} INFO - 0 downstream tasks scheduled from follow-on schedule check
[2026-02-20T16:19:54.492+0000] {local_task_job_runner.py:222} INFO - ::endgroup::
