[2026-02-21T11:54:26.740+0000] {local_task_job_runner.py:120} INFO - ::group::Pre task execution logs
[2026-02-21T11:54:26.780+0000] {taskinstance.py:2076} INFO - Dependencies all met for dep_context=non-requeueable deps ti=<TaskInstance: football_pipeline.fetch_top_scorers scheduled__2026-02-20T06:00:00+00:00 [queued]>
[2026-02-21T11:54:26.789+0000] {taskinstance.py:2076} INFO - Dependencies all met for dep_context=requeueable deps ti=<TaskInstance: football_pipeline.fetch_top_scorers scheduled__2026-02-20T06:00:00+00:00 [queued]>
[2026-02-21T11:54:26.789+0000] {taskinstance.py:2306} INFO - Starting attempt 1 of 2
[2026-02-21T11:54:26.803+0000] {taskinstance.py:2330} INFO - Executing <Task(PythonOperator): fetch_top_scorers> on 2026-02-20 06:00:00+00:00
[2026-02-21T11:54:26.810+0000] {standard_task_runner.py:90} INFO - Running: ['airflow', 'tasks', 'run', 'football_pipeline', 'fetch_top_scorers', 'scheduled__2026-02-20T06:00:00+00:00', '--job-id', '14', '--raw', '--subdir', 'DAGS_FOLDER/football_pipeline.py', '--cfg-path', '/tmp/tmpgwp3dtoq']
[2026-02-21T11:54:26.813+0000] {standard_task_runner.py:91} INFO - Job 14: Subtask fetch_top_scorers
[2026-02-21T11:54:26.813+0000] {logging_mixin.py:188} WARNING - /home/airflow/.local/lib/python3.12/site-packages/airflow/task/task_runner/standard_task_runner.py:62 DeprecationWarning: This process (pid=181) is multi-threaded, use of fork() may lead to deadlocks in the child.
[2026-02-21T11:54:26.814+0000] {standard_task_runner.py:64} INFO - Started process 182 to run task
[2026-02-21T11:54:26.871+0000] {task_command.py:426} INFO - Running <TaskInstance: football_pipeline.fetch_top_scorers scheduled__2026-02-20T06:00:00+00:00 [running]> on host e0376f04803d
[2026-02-21T11:54:26.972+0000] {taskinstance.py:2648} INFO - Exporting env vars: AIRFLOW_CTX_DAG_OWNER='yassine' AIRFLOW_CTX_DAG_ID='football_pipeline' AIRFLOW_CTX_TASK_ID='fetch_top_scorers' AIRFLOW_CTX_EXECUTION_DATE='2026-02-20T06:00:00+00:00' AIRFLOW_CTX_TRY_NUMBER='1' AIRFLOW_CTX_DAG_RUN_ID='scheduled__2026-02-20T06:00:00+00:00'
[2026-02-21T11:54:26.973+0000] {taskinstance.py:430} INFO - ::endgroup::
[2026-02-21T11:54:26.987+0000] {logging_mixin.py:188} INFO - ⚽ Fetching top scorers...
[2026-02-21T11:55:55.623+0000] {logging_mixin.py:188} INFO - ✅ Top scorers done!
[2026-02-21T11:55:55.624+0000] {python.py:237} INFO - Done. Returned value was: None
[2026-02-21T11:55:55.625+0000] {taskinstance.py:441} INFO - ::group::Post task execution logs
[2026-02-21T11:55:55.643+0000] {taskinstance.py:1206} INFO - Marking task as SUCCESS. dag_id=football_pipeline, task_id=fetch_top_scorers, run_id=scheduled__2026-02-20T06:00:00+00:00, execution_date=20260220T060000, start_date=20260221T115426, end_date=20260221T115555
[2026-02-21T11:55:55.670+0000] {local_task_job_runner.py:243} INFO - Task exited with return code 0
[2026-02-21T11:55:55.702+0000] {taskinstance.py:3503} INFO - 1 downstream tasks scheduled from follow-on schedule check
[2026-02-21T11:55:55.704+0000] {local_task_job_runner.py:222} INFO - ::endgroup::
